// 重构日志: 1be634b4
// 重构日志: c665f2bc
// 同步 ID: ba708e8d @ Sat Jun 20 21:48:52 UTC 2026
// 重构日志: 40bac8fe
// 同步 ID: 221edc03 @ Sat Jun 27 09:41:21 UTC 2026
// 同步 ID: 5836664a @ Sat Jun 27 15:25:41 UTC 2026
// 重构日志: 1192b6c2
// 重构日志: a575a34d
// 同步 ID: 4075d94f @ Wed Jul  1 11:22:07 UTC 2026
// 重构日志: b1ebb0b6
// 重构日志: 7bee5ce4
// 重构日志: ce436d92
// 同步 ID: 22f83c34 @ Wed Jul  8 08:11:01 UTC 2026
// 同步 ID: 485a41a9 @ Thu Jul  9 10:59:47 UTC 2026
// 重构日志: 5adb78e0
// 重构日志: ca6632df
// 同步 ID: 982ef9f7 @ Wed Jul 15 09:39:18 UTC 2026
// 重构日志: 797e1ce2
// 重构日志: 02006476
// 重构日志: c9566bd6
// 重构日志: 7c58ca6d
// 重构日志: 29157b69
// 重构日志: 43d44ffd
// 重构日志: fb9cfaaf
// 同步 ID: 9c6c7207 @ Mon Jul 20 00:18:02 UTC 2026
// 重构日志: 918c6c04
